<?xml version="1.0" encoding="UTF-8"?>
<!-- Generated by org.testng.reporters.JUnitXMLReporter -->
<testsuite ignored="3" hostname="Siddhartha" failures="3" tests="23" name="Test" time="92.383" errors="0" timestamp="2025-04-19T18:59:50 IST">
  <testcase classname="minitests.HomeTest" name="testSignUpVisibility" time="0.151">
    <failure type="java.lang.AssertionError" message="expected [false] but found [true]">
      <![CDATA[java.lang.AssertionError: expected [false] but found [true]
at minitests.HomeTest.testSignUpVisibility(HomeTest.java:26)
at java.base/java.util.ArrayList.forEach(ArrayList.java:1597)
... Removed 29 stack frames]]>
    </failure>
  </testcase> <!-- testSignUpVisibility -->
  <testcase classname="minitests.HomeTest" name="testSignUpClickable" time="0.058"/>
  <testcase classname="minitests.HomeTest" name="testSignUpClick" time="0.799"/>
  <testcase classname="minitests.HomeTest" name="testAddusertxt" time="0.162"/>
  <testcase classname="minitests.HomeTest" name="testSignupUser" time="1.377"/>
  <testcase classname="minitests.LoginTest" name="testSubumitBtnVisible" time="0.132"/>
  <testcase classname="minitests.LoginTest" name="testSubmitClickAble" time="0.06"/>
  <testcase classname="minitests.LoginTest" name="testLogin" time="0.639"/>
  <testcase classname="minitests.LoginTest" name="callTestLogout" time="1.567"/>
  <testcase classname="minitests.LoginTest" name="testInvalidDetails" time="1.637"/>
  <testcase classname="minitests.AddContactTest" name="addContacts" time="17.053"/>
  <testcase classname="minitests.AddContactTest" name="testSortAndExtension" time="3.922"/>
  <testcase classname="minitests.AddContactTest" name="addOptionalDetails" time="5.796"/>
  <testcase classname="minitests.AddContactTest" name="AddDuplicateContacts" time="3.902"/>
  <testcase classname="minitests.AddContactTest" name="AddDuplicateContacts" time="4.026"/>
  <testcase classname="minitests.AddContactTest" name="testInvalidDate" time="4.24"/>
  <testcase classname="minitests.AddContactTest" name="testEmptyFields" time="4.693">
    <failure type="java.lang.AssertionError" message="expected [false] but found [true]">
      <![CDATA[java.lang.AssertionError: expected [false] but found [true]
at minitests.AddContactTest.testEmptyFields(AddContactTest.java:144)
at java.base/java.util.ArrayList.forEach(ArrayList.java:1597)
... Removed 29 stack frames]]>
    </failure>
  </testcase> <!-- testEmptyFields -->
  <testcase classname="minitests.ContactListTest" name="testContactsDisplayed" time="3.994"/>
  <testcase classname="minitests.ContactListTest" name="testEditContact" time="8.306"/>
  <testcase classname="minitests.ContactListTest" name="validateOtherFields" time="0.135"/>
  <testcase classname="minitests.ContactListTest" name="testDeleteConatct" time="6.881"/>
  <testcase classname="minitests.ContactListTest" name="testVisibilityOfLogoutBtn" time="0.042">
    <failure type="java.lang.AssertionError" message="expected [false] but found [true]">
      <![CDATA[java.lang.AssertionError: expected [false] but found [true]
at minitests.ContactListTest.testVisibilityOfLogoutBtn(ContactListTest.java:97)
at java.base/java.util.ArrayList.forEach(ArrayList.java:1597)
... Removed 29 stack frames]]>
    </failure>
  </testcase> <!-- testVisibilityOfLogoutBtn -->
  <testcase classname="minitests.ContactListTest" name="testClickLogoutBtn" time="1.878"/>
  <testcase classname="basepackage.BaseClass" name="@AfterTest tearDownTest" time="0.0">
    <ignored/>
  </testcase> <!-- @AfterTest tearDownTest -->
  <testcase classname="basepackage.BaseClass" name="@AfterTest tearDownTest" time="0.0">
    <ignored/>
  </testcase> <!-- @AfterTest tearDownTest -->
  <testcase classname="basepackage.BaseClass" name="@AfterTest tearDownTest" time="0.0">
    <ignored/>
  </testcase> <!-- @AfterTest tearDownTest -->
</testsuite> <!-- Test -->
