<!DOCTYPE html PUBLIC "-//W3C//DTD XHTML 1.1//EN" "https://www.w3.org/TR/xhtml11/DTD/xhtml11.dtd">
<html xmlns="https://www.w3.org/1999/xhtml">
<head>
<meta http-equiv="content-type" content="text/html; charset=UTF-8"/>
<title>TestNG Report</title>
<style type="text/css">table {margin-bottom:10px;border-collapse:collapse;empty-cells:show}th,td {border:1px solid #009;padding:.25em .5em}th {vertical-align:bottom}td {vertical-align:top}table a {font-weight:bold}.stripe td {background-color: #E6EBF9}.num {text-align:right}.passedodd td {background-color: #3F3}.passedeven td {background-color: #0A0}.skippedodd td {background-color: #DDD}.skippedeven td {background-color: #CCC}.failedodd td,.attn {background-color: #F33}.failedeven td,.stripe .attn {background-color: #D00}.stacktrace {white-space:pre;font-family:monospace}.totop {font-size:85%;text-align:center;border-bottom:2px solid #000}.invisible {display:none}</style>
</head>
<body>
<table>
<tr><th>Test</th><th># Passed</th><th># Skipped</th><th># Retried</th><th># Failed</th><th>Time (ms)</th><th>Included Groups</th><th>Excluded Groups</th></tr>
<tr><th colspan="8">Suite</th></tr>
<tr><td><a href="#t0">Test</a></td><td class="num">11</td><td class="num">0</td><td class="num">0</td><td class="num attn">4</td><td class="num">76,718</td><td>regression, sanity</td><td></td></tr>
</table>
<table id='summary'><thead><tr><th>Class</th><th>Method</th><th>Start</th><th>Time (ms)</th></tr></thead><tbody><tr><th colspan="4">Suite</th></tr></tbody><tbody id="t0"><tr><th colspan="4">Test &#8212; failed</th></tr><tr class="failedeven"><td rowspan="1">minitests.AddContactTest</td><td><a href="#m0">testEmptyFields</a></td><td rowspan="1">1745345009372</td><td rowspan="1">4575</td></tr><tr class="failedodd"><td rowspan="2">minitests.ContactListTest</td><td><a href="#m1">testContactsDisplayed</a></td><td rowspan="1">1745345018881</td><td rowspan="1">3049</td></tr><tr class="failedodd"><td><a href="#m2">testDeleteConatct</a></td><td rowspan="1">1745345031133</td><td rowspan="1">4090</td></tr><tr class="failedeven"><td rowspan="1">minitests.HomeTest</td><td><a href="#m3">testSignUpVisibility</a></td><td rowspan="1">1745344967089</td><td rowspan="1">164</td></tr><tr><th colspan="4">Test &#8212; passed</th></tr><tr class="passedeven"><td rowspan="4">minitests.AddContactTest</td><td><a href="#m4">addContacts</a></td><td rowspan="1">1745344980890</td><td rowspan="1">16597</td></tr><tr class="passedeven"><td><a href="#m5">addOptionalDetails</a></td><td rowspan="1">1745344999423</td><td rowspan="1">5801</td></tr><tr class="passedeven"><td><a href="#m6">testInvalidDate</a></td><td rowspan="1">1745345005233</td><td rowspan="1">4132</td></tr><tr class="passedeven"><td><a href="#m7">testSortAndExtension</a></td><td rowspan="1">1745344997493</td><td rowspan="1">1926</td></tr><tr class="passedodd"><td rowspan="2">minitests.ContactListTest</td><td><a href="#m8">testClickLogoutBtn</a></td><td rowspan="1">1745345035820</td><td rowspan="1">2096</td></tr><tr class="passedodd"><td><a href="#m9">testEditContact</a></td><td rowspan="1">1745345022508</td><td rowspan="1">8619</td></tr><tr class="passedeven"><td rowspan="5">minitests.LoginTest</td><td><a href="#m10">callTestLogout</a></td><td rowspan="1">1745344973058</td><td rowspan="1">1651</td></tr><tr class="passedeven"><td><a href="#m11">testInvalidDetails</a></td><td rowspan="1">1745344974722</td><td rowspan="1">1705</td></tr><tr class="passedeven"><td><a href="#m12">testLogin</a></td><td rowspan="1">1745344972392</td><td rowspan="1">662</td></tr><tr class="passedeven"><td><a href="#m13">testSubmitClickAble</a></td><td rowspan="1">1745344972319</td><td rowspan="1">69</td></tr><tr class="passedeven"><td><a href="#m14">testSubumitBtnVisible</a></td><td rowspan="1">1745344972169</td><td rowspan="1">144</td></tr></tbody>
</table>
<h2>Test</h2><h3 id="m0">minitests.AddContactTest#testEmptyFields</h3><table class="result"><tr><th>Exception</th></tr><tr><td><div class="stacktrace">java.lang.AssertionError: expected [false] but found [true]
	at minitests.AddContactTest.testEmptyFields(AddContactTest.java:144)
	at java.base/java.util.ArrayList.forEach(ArrayList.java:1597)
... Removed 29 stack frames</div></td></tr></table><p class="totop"><a href="#summary">back to summary</a></p>
<h3 id="m1">minitests.ContactListTest#testContactsDisplayed</h3><table class="result"><tr><th>Exception</th></tr><tr><td><div class="stacktrace">java.lang.AssertionError: expected [true] but found [false]
	at minitests.ContactListTest.testContactsDisplayed(ContactListTest.java:32)
	at java.base/java.util.ArrayList.forEach(ArrayList.java:1597)
... Removed 29 stack frames</div></td></tr></table><p class="totop"><a href="#summary">back to summary</a></p>
<h3 id="m2">minitests.ContactListTest#testDeleteConatct</h3><table class="result"><tr><th>Exception</th></tr><tr><td><div class="stacktrace">java.lang.AssertionError: Email not found after delete operation expected [true] but found [false]
	at minitests.ContactListTest.testDeleteConatct(ContactListTest.java:90)
	at java.base/java.util.ArrayList.forEach(ArrayList.java:1597)
... Removed 28 stack frames</div></td></tr></table><p class="totop"><a href="#summary">back to summary</a></p>
<h3 id="m3">minitests.HomeTest#testSignUpVisibility</h3><table class="result"><tr><th>Exception</th></tr><tr><td><div class="stacktrace">java.lang.AssertionError: expected [false] but found [true]
	at minitests.HomeTest.testSignUpVisibility(HomeTest.java:26)
	at java.base/java.util.ArrayList.forEach(ArrayList.java:1597)
... Removed 29 stack frames</div></td></tr></table><p class="totop"><a href="#summary">back to summary</a></p>
<h3 id="m4">minitests.AddContactTest#addContacts</h3><table class="result"><tr><th class="invisible"/></tr></table><p class="totop"><a href="#summary">back to summary</a></p>
<h3 id="m5">minitests.AddContactTest#addOptionalDetails</h3><table class="result"><tr><th class="invisible"/></tr></table><p class="totop"><a href="#summary">back to summary</a></p>
<h3 id="m6">minitests.AddContactTest#testInvalidDate</h3><table class="result"><tr><th class="invisible"/></tr></table><p class="totop"><a href="#summary">back to summary</a></p>
<h3 id="m7">minitests.AddContactTest#testSortAndExtension</h3><table class="result"><tr><th class="invisible"/></tr></table><p class="totop"><a href="#summary">back to summary</a></p>
<h3 id="m8">minitests.ContactListTest#testClickLogoutBtn</h3><table class="result"><tr><th class="invisible"/></tr></table><p class="totop"><a href="#summary">back to summary</a></p>
<h3 id="m9">minitests.ContactListTest#testEditContact</h3><table class="result"><tr><th class="invisible"/></tr></table><p class="totop"><a href="#summary">back to summary</a></p>
<h3 id="m10">minitests.LoginTest#callTestLogout</h3><table class="result"><tr><th class="invisible"/></tr></table><p class="totop"><a href="#summary">back to summary</a></p>
<h3 id="m11">minitests.LoginTest#testInvalidDetails</h3><table class="result"><tr><th class="invisible"/></tr></table><p class="totop"><a href="#summary">back to summary</a></p>
<h3 id="m12">minitests.LoginTest#testLogin</h3><table class="result"><tr><th class="invisible"/></tr></table><p class="totop"><a href="#summary">back to summary</a></p>
<h3 id="m13">minitests.LoginTest#testSubmitClickAble</h3><table class="result"><tr><th class="invisible"/></tr></table><p class="totop"><a href="#summary">back to summary</a></p>
<h3 id="m14">minitests.LoginTest#testSubumitBtnVisible</h3><table class="result"><tr><th class="invisible"/></tr></table><p class="totop"><a href="#summary">back to summary</a></p>
</body>
</html>
